<?xml version="1.0" encoding="UTF-8"?>
<testng-results ignored="0" total="1" passed="1" failed="0" skipped="0">
  <reporter-output>
  </reporter-output>
  <suite started-at="2022-09-06T13:53:48 IST" name="Default suite" finished-at="2022-09-06T13:54:09 IST" duration-ms="20147">
    <groups>
    </groups>
    <test started-at="2022-09-06T13:53:48 IST" name="Default test" finished-at="2022-09-06T13:54:09 IST" duration-ms="20147">
      <class name="com.crm.qa.testcases.LoginPageText">
        <test-method is-config="true" signature="setup()[pri:0, instance:com.crm.qa.testcases.LoginPageText@3a6bb9bf]" started-at="2022-09-06T13:53:48 IST" name="setup" finished-at="2022-09-06T13:53:57 IST" duration-ms="8930" status="PASS">
          <reporter-output>
          </reporter-output>
        </test-method> <!-- setup -->
        <test-method signature="logintest()[pri:0, instance:com.crm.qa.testcases.LoginPageText@3a6bb9bf]" started-at="2022-09-06T13:53:57 IST" name="logintest" finished-at="2022-09-06T13:53:58 IST" duration-ms="920" status="PASS">
          <reporter-output>
          </reporter-output>
        </test-method> <!-- logintest -->
        <test-method is-config="true" signature="teardown()[pri:0, instance:com.crm.qa.testcases.LoginPageText@3a6bb9bf]" started-at="2022-09-06T13:53:58 IST" name="teardown" finished-at="2022-09-06T13:54:09 IST" duration-ms="10251" status="PASS">
          <reporter-output>
          </reporter-output>
        </test-method> <!-- teardown -->
      </class> <!-- com.crm.qa.testcases.LoginPageText -->
    </test> <!-- Default test -->
  </suite> <!-- Default suite -->
</testng-results>
